<?xml version="1.0" encoding="UTF-8"?>
<coverage generated="1660254233908" clover="3.2.0">
  <project timestamp="1660254233909" name="All files">
    <metrics statements="53" coveredstatements="37" conditionals="12" coveredconditionals="9" methods="21" coveredmethods="12" elements="86" coveredelements="58" complexity="0" loc="53" ncloc="53" packages="5" files="9" classes="9"/>
    <package name="@shared.entity">
      <metrics statements="6" coveredstatements="6" conditionals="2" coveredconditionals="2" methods="3" coveredmethods="3"/>
      <file name="entity.ts" path="/Users/w506147/Desktop/Projects/meetup-node/microservices/meetings/src/domain/@shared/entity/entity.ts">
        <metrics statements="5" coveredstatements="5" conditionals="2" coveredconditionals="2" methods="3" coveredmethods="3"/>
        <line num="1" count="2" type="stmt"/>
        <line num="3" count="2" type="stmt"/>
        <line num="6" count="4" type="stmt"/>
        <line num="7" count="4" type="cond" truecount="2" falsecount="0"/>
        <line num="11" count="2" type="stmt"/>
      </file>
      <file name="index.ts" path="/Users/w506147/Desktop/Projects/meetup-node/microservices/meetings/src/domain/@shared/entity/index.ts">
        <metrics statements="1" coveredstatements="1" conditionals="0" coveredconditionals="0" methods="0" coveredmethods="0"/>
        <line num="1" count="1" type="stmt"/>
      </file>
    </package>
    <package name="@shared.errors">
      <metrics statements="5" coveredstatements="1" conditionals="0" coveredconditionals="0" methods="2" coveredmethods="0"/>
      <file name="entity-error.ts" path="/Users/w506147/Desktop/Projects/meetup-node/microservices/meetings/src/domain/@shared/errors/entity-error.ts">
        <metrics statements="4" coveredstatements="0" conditionals="0" coveredconditionals="0" methods="2" coveredmethods="0"/>
        <line num="3" count="0" type="stmt"/>
        <line num="4" count="0" type="stmt"/>
        <line num="5" count="0" type="stmt"/>
        <line num="6" count="0" type="stmt"/>
      </file>
      <file name="index.ts" path="/Users/w506147/Desktop/Projects/meetup-node/microservices/meetings/src/domain/@shared/errors/index.ts">
        <metrics statements="1" coveredstatements="1" conditionals="0" coveredconditionals="0" methods="0" coveredmethods="0"/>
        <line num="1" count="1" type="stmt"/>
      </file>
    </package>
    <package name="@shared.validators">
      <metrics statements="12" coveredstatements="12" conditionals="1" coveredconditionals="1" methods="2" coveredmethods="2"/>
      <file name="class-validator-fields.ts" path="/Users/w506147/Desktop/Projects/meetup-node/microservices/meetings/src/domain/@shared/validators/class-validator-fields.ts">
        <metrics statements="10" coveredstatements="10" conditionals="1" coveredconditionals="1" methods="2" coveredmethods="2"/>
        <line num="1" count="2" type="stmt"/>
        <line num="4" count="2" type="stmt"/>
        <line num="5" count="2" type="stmt"/>
        <line num="8" count="6" type="stmt"/>
        <line num="10" count="6" type="cond" truecount="1" falsecount="0"/>
        <line num="11" count="4" type="stmt"/>
        <line num="12" count="4" type="stmt"/>
        <line num="13" count="16" type="stmt"/>
        <line num="14" count="16" type="stmt"/>
        <line num="18" count="6" type="stmt"/>
      </file>
      <file name="index.ts" path="/Users/w506147/Desktop/Projects/meetup-node/microservices/meetings/src/domain/@shared/validators/index.ts">
        <metrics statements="2" coveredstatements="2" conditionals="0" coveredconditionals="0" methods="0" coveredmethods="0"/>
        <line num="1" count="2" type="stmt"/>
        <line num="2" count="2" type="stmt"/>
      </file>
    </package>
    <package name="meeting.entities">
      <metrics statements="21" coveredstatements="11" conditionals="5" coveredconditionals="4" methods="8" coveredmethods="3"/>
      <file name="meeting.ts" path="/Users/w506147/Desktop/Projects/meetup-node/microservices/meetings/src/domain/meeting/entities/meeting.ts">
        <metrics statements="21" coveredstatements="11" conditionals="5" coveredconditionals="4" methods="8" coveredmethods="3"/>
        <line num="1" count="1" type="stmt"/>
        <line num="2" count="1" type="stmt"/>
        <line num="3" count="1" type="stmt"/>
        <line num="19" count="3" type="stmt"/>
        <line num="20" count="1" type="stmt"/>
        <line num="21" count="1" type="stmt"/>
        <line num="23" count="1" type="stmt"/>
        <line num="24" count="1" type="stmt"/>
        <line num="25" count="1" type="cond" truecount="2" falsecount="0"/>
        <line num="26" count="1" type="cond" truecount="2" falsecount="0"/>
        <line num="30" count="0" type="stmt"/>
        <line num="31" count="0" type="stmt"/>
        <line num="35" count="0" type="stmt"/>
        <line num="36" count="0" type="stmt"/>
        <line num="38" count="0" type="cond" truecount="0" falsecount="1"/>
        <line num="39" count="0" type="stmt"/>
        <line num="44" count="0" type="stmt"/>
        <line num="48" count="1" type="stmt"/>
        <line num="52" count="0" type="stmt"/>
        <line num="59" count="0" type="stmt"/>
        <line num="60" count="0" type="stmt"/>
      </file>
    </package>
    <package name="meeting.validators">
      <metrics statements="9" coveredstatements="7" conditionals="4" coveredconditionals="2" methods="6" coveredmethods="4"/>
      <file name="index.ts" path="/Users/w506147/Desktop/Projects/meetup-node/microservices/meetings/src/domain/meeting/validators/index.ts">
        <metrics statements="1" coveredstatements="1" conditionals="0" coveredconditionals="0" methods="0" coveredmethods="0"/>
        <line num="1" count="1" type="stmt"/>
      </file>
      <file name="meeting.validator.ts" path="/Users/w506147/Desktop/Projects/meetup-node/microservices/meetings/src/domain/meeting/validators/meeting.validator.ts">
        <metrics statements="8" coveredstatements="6" conditionals="4" coveredconditionals="2" methods="6" coveredmethods="4"/>
        <line num="9" count="2" type="stmt"/>
        <line num="11" count="2" type="stmt"/>
        <line num="13" count="0" type="stmt"/>
        <line num="48" count="6" type="stmt"/>
        <line num="59" count="0" type="stmt"/>
        <line num="61" count="6" type="cond" truecount="1" falsecount="1"/>
        <line num="65" count="2" type="stmt"/>
        <line num="67" count="2" type="stmt"/>
      </file>
    </package>
  </project>
</coverage>
