{"/Users/w506147/Desktop/Projects/meetup-node/microservices/meetings/src/domain/@shared/entity/entity.ts": {"path":"/Users/w506147/Desktop/Projects/meetup-node/microservices/meetings/src/domain/@shared/entity/entity.ts","statementMap":{"0":{"start":{"line":3,"column":22},"end":{"line":3,"column":28}},"1":{"start":{"line":1,"column":28},"end":{"line":1,"column":null}},"2":{"start":{"line":11,"column":4},"end":{"line":14,"column":42}},"3":{"start":{"line":6,"column":30},"end":{"line":6,"column":44}},"4":{"start":{"line":7,"column":4},"end":{"line":7,"column":29}}},"fnMap":{"0":{"name":"(anonymous_0)","decl":{"start":{"line":3,"column":22},"end":{"line":3,"column":28}},"loc":{"start":{"line":3,"column":22},"end":{"line":3,"column":28}}},"1":{"name":"(anonymous_1)","decl":{"start":{"line":10,"column":2},"end":{"line":10,"column":8}},"loc":{"start":{"line":10,"column":45},"end":{"line":15,"column":null}}},"2":{"name":"(anonymous_2)","decl":{"start":{"line":6,"column":2},"end":{"line":6,"column":30}},"loc":{"start":{"line":6,"column":57},"end":{"line":8,"column":null}}}},"branchMap":{"0":{"loc":{"start":{"line":7,"column":14},"end":{"line":7,"column":28}},"type":"binary-expr","locations":[{"start":{"line":7,"column":14},"end":{"line":7,"column":16}},{"start":{"line":7,"column":20},"end":{"line":7,"column":28}}]}},"s":{"0":2,"1":2,"2":2,"3":4,"4":4},"f":{"0":2,"1":2,"2":4},"b":{"0":[4,2]}}
,"/Users/w506147/Desktop/Projects/meetup-node/microservices/meetings/src/domain/@shared/entity/index.ts": {"path":"/Users/w506147/Desktop/Projects/meetup-node/microservices/meetings/src/domain/@shared/entity/index.ts","statementMap":{"0":{"start":{"line":1,"column":14},"end":{"line":1,"column":null}}},"fnMap":{},"branchMap":{},"s":{"0":1},"f":{},"b":{}}
,"/Users/w506147/Desktop/Projects/meetup-node/microservices/meetings/src/domain/@shared/errors/entity-error.ts": {"path":"/Users/w506147/Desktop/Projects/meetup-node/microservices/meetings/src/domain/@shared/errors/entity-error.ts","statementMap":{"0":{"start":{"line":3,"column":13},"end":{"line":3,"column":34}},"1":{"start":{"line":5,"column":4},"end":{"line":5,"column":37}},"2":{"start":{"line":4,"column":21},"end":{"line":4,"column":42}},"3":{"start":{"line":6,"column":4},"end":{"line":6,"column":40}}},"fnMap":{"0":{"name":"(anonymous_0)","decl":{"start":{"line":3,"column":13},"end":{"line":3,"column":34}},"loc":{"start":{"line":3,"column":13},"end":{"line":3,"column":34}}},"1":{"name":"(anonymous_1)","decl":{"start":{"line":4,"column":2},"end":{"line":4,"column":21}},"loc":{"start":{"line":4,"column":42},"end":{"line":7,"column":null}}}},"branchMap":{},"s":{"0":0,"1":0,"2":0,"3":0},"f":{"0":0,"1":0},"b":{}}
,"/Users/w506147/Desktop/Projects/meetup-node/microservices/meetings/src/domain/@shared/errors/index.ts": {"path":"/Users/w506147/Desktop/Projects/meetup-node/microservices/meetings/src/domain/@shared/errors/index.ts","statementMap":{"0":{"start":{"line":1,"column":14},"end":{"line":1,"column":null}}},"fnMap":{},"branchMap":{},"s":{"0":1},"f":{},"b":{}}
,"/Users/w506147/Desktop/Projects/meetup-node/microservices/meetings/src/domain/@shared/validators/class-validator-fields.ts": {"path":"/Users/w506147/Desktop/Projects/meetup-node/microservices/meetings/src/domain/@shared/validators/class-validator-fields.ts","statementMap":{"0":{"start":{"line":4,"column":22},"end":{"line":4,"column":42}},"1":{"start":{"line":1,"column":29},"end":{"line":1,"column":null}},"2":{"start":{"line":8,"column":19},"end":{"line":8,"column":37}},"3":{"start":{"line":10,"column":4},"end":{"line":16,"column":null}},"4":{"start":{"line":11,"column":6},"end":{"line":11,"column":23}},"5":{"start":{"line":12,"column":6},"end":{"line":15,"column":null}},"6":{"start":{"line":13,"column":22},"end":{"line":13,"column":36}},"7":{"start":{"line":14,"column":8},"end":{"line":14,"column":62}},"8":{"start":{"line":18,"column":4},"end":{"line":18,"column":30}},"9":{"start":{"line":5,"column":2},"end":{"line":5,"column":27}}},"fnMap":{"0":{"name":"(anonymous_0)","decl":{"start":{"line":4,"column":22},"end":{"line":4,"column":42}},"loc":{"start":{"line":4,"column":22},"end":{"line":4,"column":42}}},"1":{"name":"(anonymous_1)","decl":{"start":{"line":7,"column":2},"end":{"line":7,"column":10}},"loc":{"start":{"line":7,"column":31},"end":{"line":19,"column":null}}}},"branchMap":{"0":{"loc":{"start":{"line":10,"column":4},"end":{"line":16,"column":null}},"type":"if","locations":[{"start":{"line":10,"column":4},"end":{"line":16,"column":null}}]}},"s":{"0":2,"1":2,"2":6,"3":6,"4":4,"5":4,"6":16,"7":16,"8":6,"9":2},"f":{"0":2,"1":6},"b":{"0":[4]}}
,"/Users/w506147/Desktop/Projects/meetup-node/microservices/meetings/src/domain/@shared/validators/index.ts": {"path":"/Users/w506147/Desktop/Projects/meetup-node/microservices/meetings/src/domain/@shared/validators/index.ts","statementMap":{"0":{"start":{"line":1,"column":14},"end":{"line":1,"column":null}},"1":{"start":{"line":2,"column":14},"end":{"line":2,"column":null}}},"fnMap":{},"branchMap":{},"s":{"0":2,"1":2},"f":{},"b":{}}
,"/Users/w506147/Desktop/Projects/meetup-node/microservices/meetings/src/domain/meeting/entities/meeting.ts": {"path":"/Users/w506147/Desktop/Projects/meetup-node/microservices/meetings/src/domain/meeting/entities/meeting.ts","statementMap":{"0":{"start":{"line":19,"column":13},"end":{"line":19,"column":20}},"1":{"start":{"line":1,"column":23},"end":{"line":1,"column":null}},"2":{"start":{"line":2,"column":40},"end":{"line":2,"column":null}},"3":{"start":{"line":3,"column":38},"end":{"line":3,"column":null}},"4":{"start":{"line":30,"column":4},"end":{"line":30,"column":null}},"5":{"start":{"line":31,"column":4},"end":{"line":31,"column":36}},"6":{"start":{"line":35,"column":22},"end":{"line":35,"column":54}},"7":{"start":{"line":36,"column":20},"end":{"line":36,"column":45}},"8":{"start":{"line":38,"column":4},"end":{"line":40,"column":null}},"9":{"start":{"line":39,"column":6},"end":{"line":39,"column":56}},"10":{"start":{"line":44,"column":4},"end":{"line":44,"column":27}},"11":{"start":{"line":48,"column":4},"end":{"line":48,"column":28}},"12":{"start":{"line":52,"column":4},"end":{"line":55,"column":6}},"13":{"start":{"line":59,"column":4},"end":{"line":59,"column":null}},"14":{"start":{"line":60,"column":4},"end":{"line":60,"column":null}},"15":{"start":{"line":21,"column":4},"end":{"line":21,"column":21}},"16":{"start":{"line":20,"column":30},"end":{"line":20,"column":56}},"17":{"start":{"line":23,"column":4},"end":{"line":23,"column":28}},"18":{"start":{"line":24,"column":4},"end":{"line":24,"column":32}},"19":{"start":{"line":25,"column":4},"end":{"line":25,"column":60}},"20":{"start":{"line":26,"column":4},"end":{"line":26,"column":78}}},"fnMap":{"0":{"name":"(anonymous_0)","decl":{"start":{"line":19,"column":13},"end":{"line":19,"column":20}},"loc":{"start":{"line":19,"column":13},"end":{"line":19,"column":20}}},"1":{"name":"(anonymous_1)","decl":{"start":{"line":29,"column":2},"end":{"line":29,"column":16}},"loc":{"start":{"line":29,"column":52},"end":{"line":32,"column":null}}},"2":{"name":"(anonymous_2)","decl":{"start":{"line":34,"column":2},"end":{"line":34,"column":9}},"loc":{"start":{"line":34,"column":44},"end":{"line":41,"column":null}}},"3":{"name":"(anonymous_3)","decl":{"start":{"line":43,"column":2},"end":{"line":43,"column":6}},"loc":{"start":{"line":43,"column":13},"end":{"line":45,"column":null}}},"4":{"name":"(anonymous_4)","decl":{"start":{"line":47,"column":2},"end":{"line":47,"column":14}},"loc":{"start":{"line":47,"column":26},"end":{"line":49,"column":null}}},"5":{"name":"(anonymous_5)","decl":{"start":{"line":51,"column":2},"end":{"line":51,"column":6}},"loc":{"start":{"line":51,"column":39},"end":{"line":56,"column":null}}},"6":{"name":"(anonymous_6)","decl":{"start":{"line":58,"column":2},"end":{"line":58,"column":14}},"loc":{"start":{"line":58,"column":52},"end":{"line":61,"column":null}}},"7":{"name":"(anonymous_7)","decl":{"start":{"line":20,"column":2},"end":{"line":20,"column":30}},"loc":{"start":{"line":20,"column":69},"end":{"line":27,"column":null}}}},"branchMap":{"0":{"loc":{"start":{"line":38,"column":4},"end":{"line":40,"column":null}},"type":"if","locations":[{"start":{"line":38,"column":4},"end":{"line":40,"column":null}}]},"1":{"loc":{"start":{"line":25,"column":30},"end":{"line":25,"column":59}},"type":"binary-expr","locations":[{"start":{"line":25,"column":30},"end":{"line":25,"column":53}},{"start":{"line":25,"column":57},"end":{"line":25,"column":59}}]},"2":{"loc":{"start":{"line":26,"column":39},"end":{"line":26,"column":77}},"type":"binary-expr","locations":[{"start":{"line":26,"column":39},"end":{"line":26,"column":71}},{"start":{"line":26,"column":75},"end":{"line":26,"column":77}}]}},"s":{"0":3,"1":1,"2":1,"3":1,"4":0,"5":0,"6":0,"7":0,"8":0,"9":0,"10":0,"11":1,"12":0,"13":0,"14":0,"15":1,"16":1,"17":1,"18":1,"19":1,"20":1},"f":{"0":3,"1":0,"2":0,"3":0,"4":1,"5":0,"6":0,"7":1},"b":{"0":[0],"1":[1,1],"2":[1,1]}}
,"/Users/w506147/Desktop/Projects/meetup-node/microservices/meetings/src/domain/meeting/validators/index.ts": {"path":"/Users/w506147/Desktop/Projects/meetup-node/microservices/meetings/src/domain/meeting/validators/index.ts","statementMap":{"0":{"start":{"line":1,"column":14},"end":{"line":1,"column":null}}},"fnMap":{},"branchMap":{},"s":{"0":1},"f":{},"b":{}}
,"/Users/w506147/Desktop/Projects/meetup-node/microservices/meetings/src/domain/meeting/validators/meeting.validator.ts": {"path":"/Users/w506147/Desktop/Projects/meetup-node/microservices/meetings/src/domain/meeting/validators/meeting.validator.ts","statementMap":{"0":{"start":{"line":13,"column":13},"end":{"line":13,"column":25}},"1":{"start":{"line":59,"column":13},"end":{"line":59,"column":29}},"2":{"start":{"line":65,"column":13},"end":{"line":65,"column":36}},"3":{"start":{"line":9,"column":7},"end":{"line":9,"column":null}},"4":{"start":{"line":11,"column":37},"end":{"line":11,"column":null}},"5":{"start":{"line":48,"column":4},"end":{"line":55,"column":7}},"6":{"start":{"line":61,"column":4},"end":{"line":61,"column":63}},"7":{"start":{"line":67,"column":6},"end":{"line":67,"column":36}}},"fnMap":{"0":{"name":"(anonymous_1)","decl":{"start":{"line":13,"column":25},"end":{"line":13,"column":null}},"loc":{"start":{"line":13,"column":13},"end":{"line":13,"column":25}}},"1":{"name":"(anonymous_2)","decl":{"start":{"line":59,"column":29},"end":{"line":59,"column":38}},"loc":{"start":{"line":59,"column":13},"end":{"line":59,"column":29}}},"2":{"name":"(anonymous_3)","decl":{"start":{"line":65,"column":36},"end":{"line":65,"column":null}},"loc":{"start":{"line":65,"column":13},"end":{"line":65,"column":36}}},"3":{"name":"(anonymous_6)","decl":{"start":{"line":40,"column":2},"end":{"line":40,"column":14}},"loc":{"start":{"line":47,"column":24},"end":{"line":56,"column":null}}},"4":{"name":"(anonymous_7)","decl":{"start":{"line":60,"column":2},"end":{"line":60,"column":10}},"loc":{"start":{"line":60,"column":45},"end":{"line":62,"column":null}}},"5":{"name":"(anonymous_8)","decl":{"start":{"line":66,"column":2},"end":{"line":66,"column":9}},"loc":{"start":{"line":66,"column":17},"end":{"line":68,"column":null}}}},"branchMap":{"0":{"loc":{"start":{"line":34,"column":8},"end":{"line":34,"column":12}},"type":"cond-expr","locations":[{"start":{"line":34,"column":12},"end":{"line":34,"column":null}},{"start":{"line":34,"column":8},"end":{"line":34,"column":12}}]},"1":{"loc":{"start":{"line":61,"column":43},"end":{"line":61,"column":53}},"type":"binary-expr","locations":[{"start":{"line":61,"column":43},"end":{"line":61,"column":47}},{"start":{"line":61,"column":51},"end":{"line":61,"column":53}}]}},"s":{"0":0,"1":0,"2":2,"3":2,"4":2,"5":6,"6":6,"7":2},"f":{"0":0,"1":0,"2":2,"3":6,"4":6,"5":2},"b":{"0":[0,2],"1":[6,0]}}
}
