TN:
SF:src/domain/@shared/entity/entity.ts
FN:3,(anonymous_0)
FN:10,(anonymous_1)
FN:6,(anonymous_2)
FNF:3
FNH:3
FNDA:2,(anonymous_0)
FNDA:2,(anonymous_1)
FNDA:4,(anonymous_2)
DA:1,2
DA:3,2
DA:6,4
DA:7,4
DA:11,2
LF:5
LH:5
BRDA:7,0,0,4
BRDA:7,0,1,2
BRF:2
BRH:2
end_of_record
TN:
SF:src/domain/@shared/entity/index.ts
FNF:0
FNH:0
DA:1,1
LF:1
LH:1
BRF:0
BRH:0
end_of_record
TN:
SF:src/domain/@shared/errors/entity-error.ts
FN:3,(anonymous_0)
FN:4,(anonymous_1)
FNF:2
FNH:0
FNDA:0,(anonymous_0)
FNDA:0,(anonymous_1)
DA:3,0
DA:4,0
DA:5,0
DA:6,0
LF:4
LH:0
BRF:0
BRH:0
end_of_record
TN:
SF:src/domain/@shared/errors/index.ts
FNF:0
FNH:0
DA:1,1
LF:1
LH:1
BRF:0
BRH:0
end_of_record
TN:
SF:src/domain/@shared/validators/class-validator-fields.ts
FN:4,(anonymous_0)
FN:7,(anonymous_1)
FNF:2
FNH:2
FNDA:2,(anonymous_0)
FNDA:6,(anonymous_1)
DA:1,2
DA:4,2
DA:5,2
DA:8,6
DA:10,6
DA:11,4
DA:12,4
DA:13,16
DA:14,16
DA:18,6
LF:10
LH:10
BRDA:10,0,0,4
BRF:1
BRH:1
end_of_record
TN:
SF:src/domain/@shared/validators/index.ts
FNF:0
FNH:0
DA:1,2
DA:2,2
LF:2
LH:2
BRF:0
BRH:0
end_of_record
TN:
SF:src/domain/meeting/entities/meeting.ts
FN:19,(anonymous_0)
FN:29,(anonymous_1)
FN:34,(anonymous_2)
FN:43,(anonymous_3)
FN:47,(anonymous_4)
FN:51,(anonymous_5)
FN:58,(anonymous_6)
FN:20,(anonymous_7)
FNF:8
FNH:3
FNDA:3,(anonymous_0)
FNDA:0,(anonymous_1)
FNDA:0,(anonymous_2)
FNDA:0,(anonymous_3)
FNDA:1,(anonymous_4)
FNDA:0,(anonymous_5)
FNDA:0,(anonymous_6)
FNDA:1,(anonymous_7)
DA:1,1
DA:2,1
DA:3,1
DA:19,3
DA:20,1
DA:21,1
DA:23,1
DA:24,1
DA:25,1
DA:26,1
DA:30,0
DA:31,0
DA:35,0
DA:36,0
DA:38,0
DA:39,0
DA:44,0
DA:48,1
DA:52,0
DA:59,0
DA:60,0
LF:21
LH:11
BRDA:38,0,0,0
BRDA:25,1,0,1
BRDA:25,1,1,1
BRDA:26,2,0,1
BRDA:26,2,1,1
BRF:5
BRH:4
end_of_record
TN:
SF:src/domain/meeting/validators/index.ts
FNF:0
FNH:0
DA:1,1
LF:1
LH:1
BRF:0
BRH:0
end_of_record
TN:
SF:src/domain/meeting/validators/meeting.validator.ts
FN:13,(anonymous_1)
FN:59,(anonymous_2)
FN:65,(anonymous_3)
FN:40,(anonymous_6)
FN:60,(anonymous_7)
FN:66,(anonymous_8)
FNF:6
FNH:4
FNDA:0,(anonymous_1)
FNDA:0,(anonymous_2)
FNDA:2,(anonymous_3)
FNDA:6,(anonymous_6)
FNDA:6,(anonymous_7)
FNDA:2,(anonymous_8)
DA:9,2
DA:11,2
DA:13,0
DA:48,6
DA:59,0
DA:61,6
DA:65,2
DA:67,2
LF:8
LH:6
BRDA:34,0,0,0
BRDA:34,0,1,2
BRDA:61,1,0,6
BRDA:61,1,1,0
BRF:4
BRH:2
end_of_record
